TN:
SF:src\components\Form\Button\index.tsx
FN:11,Button
FNF:1
FNH:1
FNDA:4,Button
DA:12,4
LF:1
LH:1
BRF:0
BRH:0
end_of_record
TN:
SF:src\components\Form\CategorySelectButton\index.tsx
FN:15,CategorySelectButton
FNF:1
FNH:1
FNDA:2,CategorySelectButton
DA:20,2
LF:1
LH:1
BRF:0
BRH:0
end_of_record
TN:
SF:src\components\Form\Input\index.tsx
FN:8,Input
FNF:1
FNH:1
FNDA:4,Input
DA:11,4
LF:1
LH:1
BRF:0
BRH:0
end_of_record
TN:
SF:src\components\Form\InputForm\index.tsx
FN:18,InputForm
FN:29,(anonymous_1)
FNF:2
FNH:2
FNDA:4,InputForm
FNDA:4,(anonymous_1)
DA:24,4
DA:30,4
LF:2
LH:2
BRDA:37,0,0,4
BRDA:37,0,1,0
BRF:2
BRH:1
end_of_record
TN:
SF:src\components\Form\TransactionTypeButton\index.tsx
FN:22,TransactionTypeButton
FNF:1
FNH:1
FNDA:4,TransactionTypeButton
DA:11,1
DA:28,4
LF:2
LH:2
BRF:0
BRH:0
end_of_record
TN:
SF:src\components\HighlightCard\index.tsx
FN:26,HighlightCard
FNF:1
FNH:0
FNDA:0,HighlightCard
DA:20,0
DA:32,0
LF:2
LH:0
BRF:0
BRH:0
end_of_record
TN:
SF:src\components\HistoryCard\index.tsx
FN:15,HistoryCard
FNF:1
FNH:0
FNDA:0,HistoryCard
DA:16,0
LF:1
LH:0
BRF:0
BRH:0
end_of_record
TN:
SF:src\components\SignInSocialButton\index.tsx
FN:16,SignInSocialButton
FNF:1
FNH:0
FNDA:0,SignInSocialButton
DA:21,0
LF:1
LH:0
BRF:0
BRH:0
end_of_record
TN:
SF:src\components\TransactionCard\index.tsx
FN:26,TransactionCard
FN:28,(anonymous_1)
FNF:2
FNH:0
FNDA:0,TransactionCard
FNDA:0,(anonymous_1)
DA:27,0
DA:28,0
DA:31,0
LF:3
LH:0
BRDA:35,0,0,0
BRDA:35,0,1,0
BRF:2
BRH:0
end_of_record
TN:
SF:src\hooks\auth.tsx
FN:37,AuthProvider
FN:43,signInWithGoogle
FN:77,signInWithApple
FN:105,signOut
FN:110,(anonymous_4)
FN:111,loadUserStorageData
FN:138,useAuth
FNF:7
FNH:5
FNDA:5,AuthProvider
FNDA:2,signInWithGoogle
FNDA:0,signInWithApple
FNDA:0,signOut
FNDA:2,(anonymous_4)
FNDA:2,loadUserStorageData
FNDA:7,useAuth
DA:6,2
DA:7,2
DA:35,2
DA:38,5
DA:40,5
DA:41,5
DA:44,2
DA:46,2
DA:48,2
DA:51,2
DA:52,2
DA:54,2
DA:55,1
DA:56,1
DA:58,1
DA:65,1
DA:66,1
DA:69,2
DA:70,1
DA:73,0
DA:78,0
DA:79,0
DA:86,0
DA:87,0
DA:88,0
DA:90,0
DA:97,0
DA:98,0
DA:101,0
DA:106,0
DA:107,0
DA:110,5
DA:112,2
DA:114,2
DA:115,0
DA:116,0
DA:119,2
DA:122,2
DA:125,5
DA:139,7
DA:141,7
LF:41
LH:27
BRDA:54,0,0,1
BRDA:54,0,1,1
BRDA:69,1,0,1
BRDA:69,1,1,1
BRDA:86,2,0,0
BRDA:86,2,1,0
BRDA:114,3,0,0
BRDA:114,3,1,2
BRF:8
BRH:5
end_of_record
TN:
SF:src\routes\app.routes.tsx
FN:14,AppRoutes
FN:34,(anonymous_1)
FN:43,(anonymous_2)
FN:52,(anonymous_3)
FNF:4
FNH:0
FNDA:0,AppRoutes
FNDA:0,(anonymous_1)
FNDA:0,(anonymous_2)
FNDA:0,(anonymous_3)
DA:8,0
DA:15,0
DA:17,0
DA:35,0
DA:44,0
DA:53,0
LF:6
LH:0
BRDA:26,0,0,0
BRDA:26,0,1,0
BRF:2
BRH:0
end_of_record
TN:
SF:src\routes\auth.routes.tsx
FN:8,AuthRoutes
FNF:1
FNH:0
FNDA:0,AuthRoutes
DA:6,0
DA:9,0
LF:2
LH:0
BRF:0
BRH:0
end_of_record
TN:
SF:src\routes\index.tsx
FN:9,Routes
FNF:1
FNH:0
FNDA:0,Routes
DA:10,0
DA:12,0
LF:2
LH:0
BRDA:14,0,0,0
BRDA:14,0,1,0
BRDA:14,1,0,0
BRDA:14,1,1,0
BRF:4
BRH:0
end_of_record
TN:
SF:src\screens\Categories\index.tsx
FN:29,Categories
FN:34,handleCategorySelect
FN:47,(anonymous_2)
FN:48,(anonymous_3)
FN:50,(anonymous_4)
FN:57,(anonymous_5)
FNF:6
FNH:4
FNDA:2,Categories
FNDA:0,handleCategorySelect
FNDA:12,(anonymous_2)
FNDA:12,(anonymous_3)
FNDA:0,(anonymous_4)
FNDA:10,(anonymous_5)
DA:35,0
DA:38,2
DA:47,12
DA:49,12
DA:50,0
DA:57,10
LF:6
LH:4
BRF:0
BRH:0
end_of_record
TN:
SF:src\screens\Dashboard\index.tsx
FN:44,Dashboard
FN:51,getLastTransactionDate
FN:56,(anonymous_2)
FN:65,(anonymous_3)
FN:70,loadTransactions
FN:79,(anonymous_5)
FN:149,(anonymous_6)
FN:153,(anonymous_7)
FN:208,(anonymous_8)
FN:209,(anonymous_9)
FNF:10
FNH:0
FNDA:0,Dashboard
FNDA:0,getLastTransactionDate
FNDA:0,(anonymous_2)
FNDA:0,(anonymous_3)
FNDA:0,loadTransactions
FNDA:0,(anonymous_5)
FNDA:0,(anonymous_6)
FNDA:0,(anonymous_7)
FNDA:0,(anonymous_8)
FNDA:0,(anonymous_9)
DA:45,0
DA:47,0
DA:48,0
DA:49,0
DA:55,0
DA:56,0
DA:58,0
DA:60,0
DA:61,0
DA:64,0
DA:65,0
DA:67,0
DA:71,0
DA:73,0
DA:74,0
DA:76,0
DA:77,0
DA:79,0
DA:80,0
DA:81,0
DA:83,0
DA:86,0
DA:91,0
DA:97,0
DA:107,0
DA:109,0
DA:110,0
DA:112,0
DA:116,0
DA:118,0
DA:146,0
DA:149,0
DA:150,0
DA:153,0
DA:154,0
DA:158,0
DA:208,0
DA:209,0
LF:38
LH:0
BRDA:60,0,0,0
BRDA:60,0,1,0
BRDA:74,1,0,0
BRDA:74,1,1,0
BRDA:80,2,0,0
BRDA:80,2,1,0
BRDA:112,3,0,0
BRDA:112,3,1,0
BRDA:124,4,0,0
BRDA:124,4,1,0
BRDA:133,5,0,0
BRDA:133,5,1,0
BRDA:161,6,0,0
BRDA:161,6,1,0
BRF:14
BRH:0
end_of_record
TN:
SF:src\screens\Register\index.tsx
FN:47,Register
FN:67,handleTransactionTypeSelect
FN:71,handleOpenCategoryModal
FN:75,handleCloseCategoryModal
FN:79,handleRegister
FN:152,(anonymous_5)
FN:158,(anonymous_6)
FNF:7
FNH:2
FNDA:2,Register
FNDA:0,handleTransactionTypeSelect
FNDA:1,handleOpenCategoryModal
FNDA:0,handleCloseCategoryModal
FNDA:0,handleRegister
FNDA:0,(anonymous_5)
FNDA:0,(anonymous_6)
DA:38,1
DA:48,2
DA:50,2
DA:52,2
DA:53,2
DA:55,2
DA:65,2
DA:68,0
DA:72,1
DA:76,0
DA:80,0
DA:82,0
DA:83,0
DA:85,0
DA:86,0
DA:88,0
DA:97,0
DA:98,0
DA:99,0
DA:101,0
DA:106,0
DA:108,0
DA:109,0
DA:110,0
DA:115,0
DA:118,0
DA:119,0
DA:123,2
DA:152,0
DA:158,0
LF:30
LH:9
BRDA:82,0,0,0
BRDA:82,0,1,0
BRDA:85,1,0,0
BRDA:85,1,1,0
BRDA:99,2,0,0
BRDA:99,2,1,0
BRDA:138,3,0,2
BRDA:138,3,1,0
BRDA:145,4,0,2
BRDA:145,4,1,0
BRF:10
BRH:2
end_of_record
TN:
SF:src\screens\Resume\index.tsx
FN:47,Resume
FN:55,handleDateChange
FN:67,loadData
FN:77,(anonymous_3)
FN:84,(anonymous_4)
FN:90,(anonymous_5)
FN:93,(anonymous_6)
FN:122,(anonymous_7)
FN:144,(anonymous_8)
FN:150,(anonymous_9)
FN:158,(anonymous_10)
FN:171,(anonymous_11)
FNF:12
FNH:0
FNDA:0,Resume
FNDA:0,handleDateChange
FNDA:0,loadData
FNDA:0,(anonymous_3)
FNDA:0,(anonymous_4)
FNDA:0,(anonymous_5)
FNDA:0,(anonymous_6)
FNDA:0,(anonymous_7)
FNDA:0,(anonymous_8)
FNDA:0,(anonymous_9)
FNDA:0,(anonymous_10)
FNDA:0,(anonymous_11)
DA:48,0
DA:49,0
DA:51,0
DA:52,0
DA:53,0
DA:56,0
DA:58,0
DA:59,0
DA:60,0
DA:62,0
DA:63,0
DA:68,0
DA:70,0
DA:72,0
DA:73,0
DA:76,0
DA:78,0
DA:83,0
DA:85,0
DA:88,0
DA:90,0
DA:91,0
DA:93,0
DA:94,0
DA:95,0
DA:99,0
DA:100,0
DA:105,0
DA:107,0
DA:118,0
DA:119,0
DA:122,0
DA:123,0
DA:126,0
DA:144,0
DA:150,0
DA:158,0
DA:172,0
LF:38
LH:0
BRDA:58,0,0,0
BRDA:58,0,1,0
BRDA:73,1,0,0
BRDA:73,1,1,0
BRDA:78,2,0,0
BRDA:78,2,1,0
BRDA:78,2,2,0
BRDA:94,3,0,0
BRDA:94,3,1,0
BRDA:99,4,0,0
BRDA:99,4,1,0
BRDA:133,5,0,0
BRDA:133,5,1,0
BRF:13
BRH:0
end_of_record
TN:
SF:src\screens\SignIn\index.tsx
FN:24,SignIn
FN:29,handleSignInWithGoogle
FN:42,handleSignInWithApple
FNF:3
FNH:0
FNDA:0,SignIn
FNDA:0,handleSignInWithGoogle
FNDA:0,handleSignInWithApple
DA:25,0
DA:26,0
DA:27,0
DA:30,0
DA:31,0
DA:32,0
DA:34,0
DA:36,0
DA:37,0
DA:38,0
DA:43,0
DA:44,0
DA:45,0
DA:47,0
DA:48,0
DA:49,0
DA:53,0
LF:17
LH:0
BRDA:34,0,0,0
BRDA:34,0,1,0
BRDA:83,1,0,0
BRDA:83,1,1,0
BRDA:93,2,0,0
BRDA:93,2,1,0
BRF:6
BRH:0
end_of_record
